2025-10-26 05:11:30,564 - INFO - Model and config loaded from ./model/xgboost_stage1_model.pkl
2025-10-26 05:11:30,565 - INFO - Clinical threshold: 0.490
2025-10-26 05:11:31,123 - INFO - Loaded demographics for 50 patients from features file
2025-10-26 05:11:31,137 - INFO - PatientMonitor initialized successfully
2025-10-26 05:11:31,137 - INFO - Monitoring data file: ./data/test_patient_data.csv
2025-10-26 05:11:31,139 - INFO - Patient monitoring started
2025-10-26 05:11:31,169 - INFO - Loaded 420 new data rows (total: 420)
2025-10-26 05:11:31,174 - INFO - Initialized buffer for patient P001
2025-10-26 05:11:31,211 - INFO - Press Ctrl+C to stop monitoring
2025-10-26 05:11:31,226 - ERROR - Error saving alert: Object of type datetime is not JSON serializable
2025-10-26 05:11:31,273 - INFO - Patient P001: Prediction 0.635 (threshold: 0.490)
2025-10-26 05:11:31,282 - INFO - Patient P001: Prediction 0.635 (threshold: 0.490)
2025-10-26 05:11:31,291 - INFO - Patient P001: Prediction 0.635 (threshold: 0.490)
2025-10-26 05:11:31,301 - INFO - Patient P001: Prediction 0.635 (threshold: 0.490)
2025-10-26 05:11:31,310 - INFO - Patient P001: Prediction 0.635 (threshold: 0.490)
2025-10-26 05:11:31,320 - INFO - Patient P001: Prediction 0.635 (threshold: 0.490)
2025-10-26 05:11:31,329 - INFO - Patient P001: Prediction 0.635 (threshold: 0.490)
2025-10-26 05:11:31,338 - INFO - Patient P001: Prediction 0.635 (threshold: 0.490)
2025-10-26 05:11:31,347 - INFO - Patient P001: Prediction 0.635 (threshold: 0.490)
2025-10-26 05:11:31,356 - INFO - Patient P001: Prediction 0.635 (threshold: 0.490)
2025-10-26 05:11:31,365 - INFO - Patient P001: Prediction 0.635 (threshold: 0.490)
2025-10-26 05:11:31,373 - INFO - Patient P001: Prediction 0.635 (threshold: 0.490)
2025-10-26 05:11:31,383 - INFO - Patient P001: Prediction 0.635 (threshold: 0.490)
2025-10-26 05:11:31,392 - INFO - Patient P001: Prediction 0.635 (threshold: 0.490)
2025-10-26 05:11:31,402 - INFO - Patient P001: Prediction 0.638 (threshold: 0.490)
2025-10-26 05:11:31,411 - INFO - Patient P001: Prediction 0.638 (threshold: 0.490)
2025-10-26 05:11:31,420 - INFO - Patient P001: Prediction 0.638 (threshold: 0.490)
2025-10-26 05:11:31,428 - INFO - Patient P001: Prediction 0.638 (threshold: 0.490)
2025-10-26 05:11:31,438 - INFO - Patient P001: Prediction 0.638 (threshold: 0.490)
2025-10-26 05:11:31,448 - INFO - Patient P001: Prediction 0.638 (threshold: 0.490)
2025-10-26 05:11:31,459 - INFO - Patient P001: Prediction 0.638 (threshold: 0.490)
2025-10-26 05:11:31,468 - INFO - Patient P001: Prediction 0.638 (threshold: 0.490)
2025-10-26 05:11:31,477 - INFO - Patient P001: Prediction 0.638 (threshold: 0.490)
2025-10-26 05:11:31,485 - INFO - Patient P001: Prediction 0.638 (threshold: 0.490)
2025-10-26 05:11:31,494 - INFO - Patient P001: Prediction 0.638 (threshold: 0.490)
2025-10-26 05:11:31,504 - INFO - Patient P001: Prediction 0.638 (threshold: 0.490)
2025-10-26 05:11:31,512 - INFO - Patient P001: Prediction 0.638 (threshold: 0.490)
2025-10-26 05:11:31,521 - INFO - Patient P001: Prediction 0.638 (threshold: 0.490)
2025-10-26 05:11:31,530 - INFO - Patient P001: Prediction 0.638 (threshold: 0.490)
2025-10-26 05:11:31,538 - INFO - Patient P001: Prediction 0.638 (threshold: 0.490)
2025-10-26 05:11:31,547 - INFO - Patient P001: Prediction 0.638 (threshold: 0.490)
2025-10-26 05:11:31,556 - INFO - Patient P001: Prediction 0.638 (threshold: 0.490)
2025-10-26 05:11:31,563 - INFO - Patient P001: Prediction 0.638 (threshold: 0.490)
2025-10-26 05:11:31,572 - INFO - Patient P001: Prediction 0.638 (threshold: 0.490)
2025-10-26 05:11:31,579 - INFO - Patient P001: Prediction 0.638 (threshold: 0.490)
2025-10-26 05:11:31,588 - INFO - Patient P001: Prediction 0.638 (threshold: 0.490)
2025-10-26 05:11:31,596 - INFO - Patient P001: Prediction 0.638 (threshold: 0.490)
2025-10-26 05:11:31,604 - INFO - Patient P001: Prediction 0.638 (threshold: 0.490)
2025-10-26 05:11:31,613 - INFO - Patient P001: Prediction 0.638 (threshold: 0.490)
2025-10-26 05:11:31,623 - INFO - Patient P001: Prediction 0.638 (threshold: 0.490)
2025-10-26 05:11:31,632 - INFO - Patient P001: Prediction 0.638 (threshold: 0.490)
2025-10-26 05:11:31,640 - INFO - Patient P001: Prediction 0.638 (threshold: 0.490)
2025-10-26 05:11:31,649 - INFO - Patient P001: Prediction 0.638 (threshold: 0.490)
2025-10-26 05:11:31,657 - INFO - Patient P001: Prediction 0.638 (threshold: 0.490)
2025-10-26 05:11:31,667 - INFO - Patient P001: Prediction 0.638 (threshold: 0.490)
2025-10-26 05:11:31,675 - INFO - Patient P001: Prediction 0.638 (threshold: 0.490)
2025-10-26 05:11:31,683 - INFO - Patient P001: Prediction 0.638 (threshold: 0.490)
2025-10-26 05:11:31,702 - INFO - Patient P001: Prediction 0.638 (threshold: 0.490)
2025-10-26 05:11:31,725 - INFO - Patient P001: Prediction 0.638 (threshold: 0.490)
2025-10-26 05:11:31,741 - INFO - Patient P001: Prediction 0.638 (threshold: 0.490)
2025-10-26 05:11:31,752 - INFO - Patient P001: Prediction 0.638 (threshold: 0.490)
2025-10-26 05:11:31,761 - INFO - Patient P001: Prediction 0.638 (threshold: 0.490)
2025-10-26 05:11:31,772 - INFO - Patient P001: Prediction 0.638 (threshold: 0.490)
2025-10-26 05:11:31,780 - INFO - Patient P001: Prediction 0.638 (threshold: 0.490)
2025-10-26 05:11:31,790 - INFO - Patient P001: Prediction 0.638 (threshold: 0.490)
2025-10-26 05:11:31,799 - INFO - Patient P001: Prediction 0.638 (threshold: 0.490)
2025-10-26 05:11:31,809 - INFO - Patient P001: Prediction 0.638 (threshold: 0.490)
2025-10-26 05:11:31,821 - INFO - Patient P001: Prediction 0.638 (threshold: 0.490)
2025-10-26 05:11:31,830 - INFO - Patient P001: Prediction 0.638 (threshold: 0.490)
2025-10-26 05:11:31,840 - INFO - Patient P001: Prediction 0.638 (threshold: 0.490)
2025-10-26 05:11:31,850 - INFO - Patient P001: Prediction 0.638 (threshold: 0.490)
2025-10-26 05:11:31,858 - INFO - Patient P001: Prediction 0.638 (threshold: 0.490)
2025-10-26 05:11:31,867 - INFO - Patient P001: Prediction 0.638 (threshold: 0.490)
2025-10-26 05:11:31,876 - INFO - Patient P001: Prediction 0.638 (threshold: 0.490)
2025-10-26 05:11:31,886 - INFO - Patient P001: Prediction 0.638 (threshold: 0.490)
2025-10-26 05:11:31,896 - INFO - Patient P001: Prediction 0.638 (threshold: 0.490)
2025-10-26 05:11:31,905 - INFO - Patient P001: Prediction 0.638 (threshold: 0.490)
2025-10-26 05:11:31,914 - INFO - Patient P001: Prediction 0.638 (threshold: 0.490)
2025-10-26 05:11:31,923 - INFO - Patient P001: Prediction 0.638 (threshold: 0.490)
2025-10-26 05:11:31,936 - INFO - Patient P001: Prediction 0.638 (threshold: 0.490)
2025-10-26 05:11:31,952 - INFO - Patient P001: Prediction 0.638 (threshold: 0.490)
2025-10-26 05:11:31,971 - INFO - Patient P001: Prediction 0.638 (threshold: 0.490)
2025-10-26 05:11:31,983 - INFO - Patient P001: Prediction 0.638 (threshold: 0.490)
2025-10-26 05:11:31,995 - INFO - Patient P001: Prediction 0.638 (threshold: 0.490)
2025-10-26 05:11:32,006 - INFO - Patient P001: Prediction 0.638 (threshold: 0.490)
2025-10-26 05:11:32,015 - INFO - Patient P001: Prediction 0.638 (threshold: 0.490)
2025-10-26 05:11:32,024 - INFO - Patient P001: Prediction 0.638 (threshold: 0.490)
2025-10-26 05:11:32,033 - INFO - Patient P001: Prediction 0.638 (threshold: 0.490)
2025-10-26 05:11:32,042 - INFO - Patient P001: Prediction 0.638 (threshold: 0.490)
2025-10-26 05:11:32,052 - INFO - Patient P001: Prediction 0.638 (threshold: 0.490)
2025-10-26 05:11:32,061 - INFO - Patient P001: Prediction 0.638 (threshold: 0.490)
2025-10-26 05:11:32,071 - INFO - Patient P001: Prediction 0.638 (threshold: 0.490)
2025-10-26 05:11:32,080 - INFO - Patient P001: Prediction 0.638 (threshold: 0.490)
2025-10-26 05:11:32,089 - INFO - Patient P001: Prediction 0.638 (threshold: 0.490)
2025-10-26 05:11:32,099 - INFO - Patient P001: Prediction 0.638 (threshold: 0.490)
2025-10-26 05:11:32,107 - INFO - Patient P001: Prediction 0.638 (threshold: 0.490)
2025-10-26 05:11:32,116 - INFO - Patient P001: Prediction 0.638 (threshold: 0.490)
2025-10-26 05:11:32,125 - INFO - Patient P001: Prediction 0.638 (threshold: 0.490)
2025-10-26 05:11:32,134 - INFO - Patient P001: Prediction 0.638 (threshold: 0.490)
2025-10-26 05:11:32,142 - INFO - Patient P001: Prediction 0.638 (threshold: 0.490)
2025-10-26 05:11:32,152 - INFO - Patient P001: Prediction 0.638 (threshold: 0.490)
2025-10-26 05:11:32,163 - INFO - Patient P001: Prediction 0.638 (threshold: 0.490)
2025-10-26 05:11:32,171 - INFO - Patient P001: Prediction 0.638 (threshold: 0.490)
2025-10-26 05:11:32,184 - INFO - Patient P001: Prediction 0.638 (threshold: 0.490)
2025-10-26 05:11:32,193 - INFO - Patient P001: Prediction 0.638 (threshold: 0.490)
2025-10-26 05:11:32,204 - INFO - Patient P001: Prediction 0.638 (threshold: 0.490)
2025-10-26 05:11:32,214 - INFO - Patient P001: Prediction 0.638 (threshold: 0.490)
2025-10-26 05:11:32,223 - INFO - Patient P001: Prediction 0.638 (threshold: 0.490)
2025-10-26 05:11:32,231 - INFO - Patient P001: Prediction 0.638 (threshold: 0.490)
2025-10-26 05:11:32,241 - INFO - Patient P001: Prediction 0.638 (threshold: 0.490)
2025-10-26 05:11:32,254 - INFO - Patient P001: Prediction 0.638 (threshold: 0.490)
2025-10-26 05:11:32,262 - INFO - Patient P001: Prediction 0.638 (threshold: 0.490)
2025-10-26 05:11:32,273 - INFO - Patient P001: Prediction 0.638 (threshold: 0.490)
2025-10-26 05:11:32,282 - INFO - Patient P001: Prediction 0.638 (threshold: 0.490)
2025-10-26 05:11:32,291 - INFO - Patient P001: Prediction 0.638 (threshold: 0.490)
2025-10-26 05:11:32,299 - INFO - Patient P001: Prediction 0.638 (threshold: 0.490)
2025-10-26 05:11:32,307 - INFO - Patient P001: Prediction 0.638 (threshold: 0.490)
2025-10-26 05:11:32,315 - INFO - Patient P001: Prediction 0.638 (threshold: 0.490)
2025-10-26 05:11:32,323 - INFO - Patient P001: Prediction 0.638 (threshold: 0.490)
2025-10-26 05:11:32,332 - INFO - Patient P001: Prediction 0.638 (threshold: 0.490)
2025-10-26 05:11:32,340 - INFO - Patient P001: Prediction 0.638 (threshold: 0.490)
2025-10-26 05:11:32,348 - INFO - Patient P001: Prediction 0.638 (threshold: 0.490)
2025-10-26 05:11:32,356 - INFO - Patient P001: Prediction 0.638 (threshold: 0.490)
2025-10-26 05:11:32,365 - INFO - Patient P001: Prediction 0.638 (threshold: 0.490)
2025-10-26 05:11:32,373 - INFO - Patient P001: Prediction 0.638 (threshold: 0.490)
2025-10-26 05:11:32,381 - INFO - Patient P001: Prediction 0.638 (threshold: 0.490)
2025-10-26 05:11:32,389 - INFO - Patient P001: Prediction 0.638 (threshold: 0.490)
2025-10-26 05:11:32,397 - INFO - Patient P001: Prediction 0.638 (threshold: 0.490)
2025-10-26 05:11:32,405 - INFO - Patient P001: Prediction 0.638 (threshold: 0.490)
2025-10-26 05:11:32,413 - INFO - Patient P001: Prediction 0.638 (threshold: 0.490)
2025-10-26 05:11:32,422 - INFO - Patient P001: Prediction 0.638 (threshold: 0.490)
2025-10-26 05:11:32,430 - INFO - Patient P001: Prediction 0.638 (threshold: 0.490)
2025-10-26 05:11:32,440 - INFO - Patient P001: Prediction 0.638 (threshold: 0.490)
2025-10-26 05:11:32,448 - INFO - Patient P001: Prediction 0.638 (threshold: 0.490)
2025-10-26 05:11:32,457 - INFO - Patient P001: Prediction 0.638 (threshold: 0.490)
2025-10-26 05:11:32,465 - INFO - Patient P001: Prediction 0.638 (threshold: 0.490)
2025-10-26 05:11:32,473 - INFO - Patient P001: Prediction 0.638 (threshold: 0.490)
2025-10-26 05:11:32,481 - INFO - Patient P001: Prediction 0.638 (threshold: 0.490)
2025-10-26 05:11:32,490 - INFO - Patient P001: Prediction 0.638 (threshold: 0.490)
2025-10-26 05:11:32,498 - INFO - Patient P001: Prediction 0.638 (threshold: 0.490)
2025-10-26 05:11:32,507 - INFO - Patient P001: Prediction 0.638 (threshold: 0.490)
2025-10-26 05:11:32,515 - INFO - Patient P001: Prediction 0.638 (threshold: 0.490)
2025-10-26 05:11:32,524 - INFO - Patient P001: Prediction 0.638 (threshold: 0.490)
2025-10-26 05:11:32,532 - INFO - Patient P001: Prediction 0.638 (threshold: 0.490)
2025-10-26 05:11:32,540 - INFO - Patient P001: Prediction 0.638 (threshold: 0.490)
2025-10-26 05:11:32,547 - INFO - Patient P001: Prediction 0.638 (threshold: 0.490)
2025-10-26 05:11:32,556 - INFO - Patient P001: Prediction 0.638 (threshold: 0.490)
2025-10-26 05:11:32,564 - INFO - Patient P001: Prediction 0.638 (threshold: 0.490)
2025-10-26 05:11:32,573 - INFO - Patient P001: Prediction 0.638 (threshold: 0.490)
2025-10-26 05:11:32,582 - INFO - Patient P001: Prediction 0.638 (threshold: 0.490)
2025-10-26 05:11:32,591 - INFO - Patient P001: Prediction 0.638 (threshold: 0.490)
2025-10-26 05:11:32,598 - INFO - Patient P001: Prediction 0.638 (threshold: 0.490)
2025-10-26 05:11:32,606 - INFO - Patient P001: Prediction 0.638 (threshold: 0.490)
2025-10-26 05:11:32,615 - INFO - Patient P001: Prediction 0.638 (threshold: 0.490)
2025-10-26 05:11:32,623 - INFO - Patient P001: Prediction 0.638 (threshold: 0.490)
2025-10-26 05:11:32,633 - INFO - Patient P001: Prediction 0.638 (threshold: 0.490)
2025-10-26 05:11:32,642 - INFO - Patient P001: Prediction 0.638 (threshold: 0.490)
2025-10-26 05:11:32,651 - INFO - Patient P001: Prediction 0.638 (threshold: 0.490)
2025-10-26 05:11:32,658 - INFO - Patient P001: Prediction 0.638 (threshold: 0.490)
2025-10-26 05:11:32,667 - INFO - Patient P001: Prediction 0.638 (threshold: 0.490)
2025-10-26 05:11:32,675 - INFO - Patient P001: Prediction 0.638 (threshold: 0.490)
2025-10-26 05:11:32,685 - INFO - Patient P001: Prediction 0.638 (threshold: 0.490)
2025-10-26 05:11:32,694 - INFO - Patient P001: Prediction 0.638 (threshold: 0.490)
2025-10-26 05:11:32,706 - INFO - Patient P001: Prediction 0.638 (threshold: 0.490)
2025-10-26 05:11:32,714 - INFO - Patient P001: Prediction 0.638 (threshold: 0.490)
2025-10-26 05:11:32,725 - INFO - Patient P001: Prediction 0.638 (threshold: 0.490)
2025-10-26 05:11:32,735 - INFO - Patient P001: Prediction 0.638 (threshold: 0.490)
2025-10-26 05:11:32,744 - INFO - Patient P001: Prediction 0.638 (threshold: 0.490)
2025-10-26 05:11:32,754 - INFO - Patient P001: Prediction 0.638 (threshold: 0.490)
2025-10-26 05:11:32,763 - INFO - Patient P001: Prediction 0.638 (threshold: 0.490)
2025-10-26 05:11:32,774 - INFO - Patient P001: Prediction 0.638 (threshold: 0.490)
2025-10-26 05:11:32,782 - INFO - Patient P001: Prediction 0.638 (threshold: 0.490)
2025-10-26 05:11:32,793 - INFO - Patient P001: Prediction 0.638 (threshold: 0.490)
2025-10-26 05:11:32,808 - INFO - Patient P001: Prediction 0.638 (threshold: 0.490)
2025-10-26 05:11:32,820 - INFO - Patient P001: Prediction 0.638 (threshold: 0.490)
2025-10-26 05:11:32,833 - INFO - Patient P001: Prediction 0.638 (threshold: 0.490)
2025-10-26 05:11:32,849 - INFO - Patient P001: Prediction 0.638 (threshold: 0.490)
2025-10-26 05:11:32,861 - INFO - Patient P001: Prediction 0.638 (threshold: 0.490)
2025-10-26 05:11:32,874 - INFO - Patient P001: Prediction 0.638 (threshold: 0.490)
2025-10-26 05:11:32,886 - INFO - Patient P001: Prediction 0.638 (threshold: 0.490)
2025-10-26 05:11:32,899 - INFO - Patient P001: Prediction 0.638 (threshold: 0.490)
2025-10-26 05:11:32,909 - INFO - Patient P001: Prediction 0.638 (threshold: 0.490)
2025-10-26 05:11:32,921 - INFO - Patient P001: Prediction 0.638 (threshold: 0.490)
2025-10-26 05:11:32,934 - INFO - Patient P001: Prediction 0.638 (threshold: 0.490)
2025-10-26 05:11:32,946 - INFO - Patient P001: Prediction 0.638 (threshold: 0.490)
2025-10-26 05:11:32,956 - INFO - Patient P001: Prediction 0.638 (threshold: 0.490)
2025-10-26 05:11:32,968 - INFO - Patient P001: Prediction 0.638 (threshold: 0.490)
2025-10-26 05:11:32,978 - INFO - Patient P001: Prediction 0.638 (threshold: 0.490)
2025-10-26 05:11:32,990 - INFO - Patient P001: Prediction 0.638 (threshold: 0.490)
2025-10-26 05:11:33,002 - INFO - Patient P001: Prediction 0.638 (threshold: 0.490)
2025-10-26 05:11:33,015 - INFO - Patient P001: Prediction 0.638 (threshold: 0.490)
2025-10-26 05:11:33,027 - INFO - Patient P001: Prediction 0.638 (threshold: 0.490)
2025-10-26 05:11:33,048 - INFO - Patient P001: Prediction 0.638 (threshold: 0.490)
2025-10-26 05:11:33,072 - INFO - Patient P001: Prediction 0.638 (threshold: 0.490)
2025-10-26 05:11:33,091 - INFO - Patient P001: Prediction 0.638 (threshold: 0.490)
2025-10-26 05:11:33,107 - INFO - Patient P001: Prediction 0.638 (threshold: 0.490)
2025-10-26 05:11:33,124 - INFO - Patient P001: Prediction 0.638 (threshold: 0.490)
2025-10-26 05:11:33,137 - INFO - Patient P001: Prediction 0.638 (threshold: 0.490)
2025-10-26 05:11:33,149 - INFO - Patient P001: Prediction 0.638 (threshold: 0.490)
2025-10-26 05:11:33,166 - INFO - Patient P001: Prediction 0.638 (threshold: 0.490)
2025-10-26 05:11:33,182 - INFO - Patient P001: Prediction 0.638 (threshold: 0.490)
2025-10-26 05:11:33,200 - INFO - Patient P001: Prediction 0.638 (threshold: 0.490)
2025-10-26 05:11:33,215 - INFO - Patient P001: Prediction 0.638 (threshold: 0.490)
2025-10-26 05:11:33,226 - INFO - Patient P001: Prediction 0.638 (threshold: 0.490)
2025-10-26 05:11:33,236 - INFO - Patient P001: Prediction 0.638 (threshold: 0.490)
2025-10-26 05:11:33,237 - INFO - Initialized buffer for patient P002
2025-10-26 05:11:33,255 - ERROR - Error saving alert: Object of type datetime is not JSON serializable
2025-10-26 05:11:33,290 - INFO - Patient P002: Prediction 0.497 (threshold: 0.490)
2025-10-26 05:11:33,299 - INFO - Patient P002: Prediction 0.497 (threshold: 0.490)
2025-10-26 05:11:33,308 - INFO - Patient P002: Prediction 0.497 (threshold: 0.490)
2025-10-26 05:11:33,319 - INFO - Patient P002: Prediction 0.497 (threshold: 0.490)
2025-10-26 05:11:33,328 - INFO - Patient P002: Prediction 0.497 (threshold: 0.490)
2025-10-26 05:11:33,342 - INFO - Patient P002: Prediction 0.497 (threshold: 0.490)
2025-10-26 05:11:33,359 - INFO - Patient P002: Prediction 0.497 (threshold: 0.490)
2025-10-26 05:11:33,375 - INFO - Patient P002: Prediction 0.497 (threshold: 0.490)
2025-10-26 05:11:33,388 - INFO - Patient P002: Prediction 0.497 (threshold: 0.490)
2025-10-26 05:11:33,398 - INFO - Patient P002: Prediction 0.497 (threshold: 0.490)
2025-10-26 05:11:33,407 - INFO - Patient P002: Prediction 0.497 (threshold: 0.490)
2025-10-26 05:11:33,417 - INFO - Patient P002: Prediction 0.497 (threshold: 0.490)
2025-10-26 05:11:33,427 - INFO - Patient P002: Prediction 0.497 (threshold: 0.490)
2025-10-26 05:11:33,436 - INFO - Patient P002: Prediction 0.497 (threshold: 0.490)
2025-10-26 05:11:33,446 - INFO - Patient P002: Prediction 0.497 (threshold: 0.490)
2025-10-26 05:11:33,456 - INFO - Patient P002: Prediction 0.497 (threshold: 0.490)
2025-10-26 05:11:33,466 - INFO - Patient P002: Prediction 0.500 (threshold: 0.490)
2025-10-26 05:11:33,476 - INFO - Patient P002: Prediction 0.500 (threshold: 0.490)
2025-10-26 05:11:33,486 - INFO - Patient P002: Prediction 0.500 (threshold: 0.490)
2025-10-26 05:11:33,495 - INFO - Patient P002: Prediction 0.500 (threshold: 0.490)
2025-10-26 05:11:33,505 - INFO - Patient P002: Prediction 0.500 (threshold: 0.490)
2025-10-26 05:11:33,515 - INFO - Patient P002: Prediction 0.500 (threshold: 0.490)
2025-10-26 05:11:33,523 - INFO - Patient P002: Prediction 0.500 (threshold: 0.490)
2025-10-26 05:11:33,532 - INFO - Patient P002: Prediction 0.500 (threshold: 0.490)
2025-10-26 05:11:33,540 - INFO - Patient P002: Prediction 0.500 (threshold: 0.490)
2025-10-26 05:11:33,552 - INFO - Patient P002: Prediction 0.500 (threshold: 0.490)
2025-10-26 05:11:33,561 - INFO - Patient P002: Prediction 0.500 (threshold: 0.490)
2025-10-26 05:11:33,575 - INFO - Patient P002: Prediction 0.500 (threshold: 0.490)
2025-10-26 05:11:33,585 - INFO - Patient P002: Prediction 0.500 (threshold: 0.490)
2025-10-26 05:11:33,598 - INFO - Patient P002: Prediction 0.500 (threshold: 0.490)
2025-10-26 05:11:33,608 - INFO - Patient P002: Prediction 0.500 (threshold: 0.490)
2025-10-26 05:11:33,627 - INFO - Patient P002: Prediction 0.500 (threshold: 0.490)
2025-10-26 05:11:33,642 - INFO - Patient P002: Prediction 0.500 (threshold: 0.490)
2025-10-26 05:11:33,657 - INFO - Patient P002: Prediction 0.500 (threshold: 0.490)
2025-10-26 05:11:33,669 - INFO - Patient P002: Prediction 0.500 (threshold: 0.490)
2025-10-26 05:11:33,682 - INFO - Patient P002: Prediction 0.500 (threshold: 0.490)
2025-10-26 05:11:33,695 - INFO - Patient P002: Prediction 0.500 (threshold: 0.490)
2025-10-26 05:11:33,708 - INFO - Patient P002: Prediction 0.500 (threshold: 0.490)
2025-10-26 05:11:33,721 - INFO - Patient P002: Prediction 0.500 (threshold: 0.490)
2025-10-26 05:11:33,731 - INFO - Patient P002: Prediction 0.500 (threshold: 0.490)
2025-10-26 05:11:33,747 - INFO - Patient P002: Prediction 0.500 (threshold: 0.490)
2025-10-26 05:11:33,765 - INFO - Patient P002: Prediction 0.500 (threshold: 0.490)
2025-10-26 05:11:33,776 - INFO - Patient P002: Prediction 0.500 (threshold: 0.490)
2025-10-26 05:11:33,789 - INFO - Patient P002: Prediction 0.500 (threshold: 0.490)
2025-10-26 05:11:33,799 - INFO - Patient P002: Prediction 0.500 (threshold: 0.490)
2025-10-26 05:11:33,808 - INFO - Patient P002: Prediction 0.500 (threshold: 0.490)
2025-10-26 05:11:33,819 - INFO - Patient P002: Prediction 0.500 (threshold: 0.490)
2025-10-26 05:11:33,835 - INFO - Patient P002: Prediction 0.500 (threshold: 0.490)
2025-10-26 05:11:33,849 - INFO - Patient P002: Prediction 0.500 (threshold: 0.490)
2025-10-26 05:11:33,862 - INFO - Patient P002: Prediction 0.500 (threshold: 0.490)
2025-10-26 05:11:33,874 - INFO - Patient P002: Prediction 0.500 (threshold: 0.490)
2025-10-26 05:11:33,886 - INFO - Patient P002: Prediction 0.500 (threshold: 0.490)
2025-10-26 05:11:33,901 - INFO - Patient P002: Prediction 0.500 (threshold: 0.490)
2025-10-26 05:11:33,916 - INFO - Patient P002: Prediction 0.500 (threshold: 0.490)
2025-10-26 05:11:33,930 - INFO - Patient P002: Prediction 0.500 (threshold: 0.490)
2025-10-26 05:11:33,943 - INFO - Patient P002: Prediction 0.500 (threshold: 0.490)
2025-10-26 05:11:33,962 - INFO - Patient P002: Prediction 0.500 (threshold: 0.490)
2025-10-26 05:11:33,975 - INFO - Patient P002: Prediction 0.500 (threshold: 0.490)
2025-10-26 05:11:33,992 - INFO - Patient P002: Prediction 0.500 (threshold: 0.490)
2025-10-26 05:11:34,011 - INFO - Patient P002: Prediction 0.500 (threshold: 0.490)
2025-10-26 05:11:34,030 - INFO - Patient P002: Prediction 0.500 (threshold: 0.490)
2025-10-26 05:11:34,051 - INFO - Patient P002: Prediction 0.500 (threshold: 0.490)
2025-10-26 05:11:34,069 - INFO - Patient P002: Prediction 0.500 (threshold: 0.490)
2025-10-26 05:11:34,092 - INFO - Patient P002: Prediction 0.500 (threshold: 0.490)
2025-10-26 05:11:34,116 - INFO - Patient P002: Prediction 0.500 (threshold: 0.490)
2025-10-26 05:11:34,130 - INFO - Patient P002: Prediction 0.500 (threshold: 0.490)
2025-10-26 05:11:34,142 - INFO - Patient P002: Prediction 0.500 (threshold: 0.490)
2025-10-26 05:11:34,152 - INFO - Patient P002: Prediction 0.500 (threshold: 0.490)
2025-10-26 05:11:34,163 - INFO - Patient P002: Prediction 0.500 (threshold: 0.490)
2025-10-26 05:11:34,177 - INFO - Patient P002: Prediction 0.500 (threshold: 0.490)
2025-10-26 05:11:34,193 - INFO - Patient P002: Prediction 0.500 (threshold: 0.490)
2025-10-26 05:11:34,204 - INFO - Patient P002: Prediction 0.500 (threshold: 0.490)
2025-10-26 05:11:34,217 - INFO - Patient P002: Prediction 0.500 (threshold: 0.490)
2025-10-26 05:11:34,229 - INFO - Patient P002: Prediction 0.500 (threshold: 0.490)
2025-10-26 05:11:34,241 - INFO - Patient P002: Prediction 0.500 (threshold: 0.490)
2025-10-26 05:11:34,253 - INFO - Patient P002: Prediction 0.500 (threshold: 0.490)
2025-10-26 05:11:34,267 - INFO - Patient P002: Prediction 0.500 (threshold: 0.490)
2025-10-26 05:11:34,276 - INFO - Patient P002: Prediction 0.500 (threshold: 0.490)
2025-10-26 05:11:34,288 - INFO - Patient P002: Prediction 0.500 (threshold: 0.490)
2025-10-26 05:11:34,299 - INFO - Patient P002: Prediction 0.500 (threshold: 0.490)
2025-10-26 05:11:34,309 - INFO - Patient P002: Prediction 0.500 (threshold: 0.490)
2025-10-26 05:11:34,319 - INFO - Patient P002: Prediction 0.500 (threshold: 0.490)
2025-10-26 05:11:34,327 - INFO - Patient P002: Prediction 0.500 (threshold: 0.490)
2025-10-26 05:11:34,337 - INFO - Patient P002: Prediction 0.500 (threshold: 0.490)
2025-10-26 05:11:34,347 - INFO - Patient P002: Prediction 0.500 (threshold: 0.490)
2025-10-26 05:11:34,357 - INFO - Patient P002: Prediction 0.500 (threshold: 0.490)
2025-10-26 05:11:34,367 - INFO - Patient P002: Prediction 0.500 (threshold: 0.490)
2025-10-26 05:11:34,377 - INFO - Patient P002: Prediction 0.500 (threshold: 0.490)
2025-10-26 05:11:34,386 - INFO - Patient P002: Prediction 0.500 (threshold: 0.490)
2025-10-26 05:11:34,394 - INFO - Patient P002: Prediction 0.500 (threshold: 0.490)
2025-10-26 05:11:34,405 - INFO - Patient P002: Prediction 0.500 (threshold: 0.490)
2025-10-26 05:11:34,415 - INFO - Patient P002: Prediction 0.500 (threshold: 0.490)
2025-10-26 05:11:34,424 - INFO - Patient P002: Prediction 0.500 (threshold: 0.490)
2025-10-26 05:11:34,433 - INFO - Patient P002: Prediction 0.500 (threshold: 0.490)
2025-10-26 05:11:34,445 - INFO - Patient P002: Prediction 0.500 (threshold: 0.490)
2025-10-26 05:11:34,460 - INFO - Patient P002: Prediction 0.500 (threshold: 0.490)
2025-10-26 05:11:34,474 - INFO - Patient P002: Prediction 0.500 (threshold: 0.490)
2025-10-26 05:11:34,485 - INFO - Patient P002: Prediction 0.500 (threshold: 0.490)
2025-10-26 05:11:34,495 - INFO - Patient P002: Prediction 0.500 (threshold: 0.490)
2025-10-26 05:11:34,507 - INFO - Patient P002: Prediction 0.500 (threshold: 0.490)
2025-10-26 05:11:34,517 - INFO - Patient P002: Prediction 0.500 (threshold: 0.490)
2025-10-26 05:11:34,526 - INFO - Patient P002: Prediction 0.500 (threshold: 0.490)
2025-10-26 05:11:34,544 - INFO - Patient P002: Prediction 0.500 (threshold: 0.490)
2025-10-26 05:11:34,561 - INFO - Patient P002: Prediction 0.500 (threshold: 0.490)
2025-10-26 05:11:34,574 - INFO - Patient P002: Prediction 0.500 (threshold: 0.490)
2025-10-26 05:11:34,584 - INFO - Patient P002: Prediction 0.500 (threshold: 0.490)
2025-10-26 05:11:34,593 - INFO - Patient P002: Prediction 0.500 (threshold: 0.490)
2025-10-26 05:11:34,604 - INFO - Patient P002: Prediction 0.500 (threshold: 0.490)
2025-10-26 05:11:34,616 - INFO - Patient P002: Prediction 0.500 (threshold: 0.490)
2025-10-26 05:11:34,631 - INFO - Patient P002: Prediction 0.500 (threshold: 0.490)
2025-10-26 05:11:34,649 - INFO - Patient P002: Prediction 0.500 (threshold: 0.490)
2025-10-26 05:11:34,663 - INFO - Patient P002: Prediction 0.500 (threshold: 0.490)
2025-10-26 05:11:34,677 - INFO - Patient P002: Prediction 0.500 (threshold: 0.490)
2025-10-26 05:11:34,689 - INFO - Patient P002: Prediction 0.500 (threshold: 0.490)
2025-10-26 05:11:34,702 - INFO - Patient P002: Prediction 0.500 (threshold: 0.490)
2025-10-26 05:11:34,714 - INFO - Patient P002: Prediction 0.500 (threshold: 0.490)
2025-10-26 05:11:34,726 - INFO - Patient P002: Prediction 0.500 (threshold: 0.490)
2025-10-26 05:11:34,737 - INFO - Patient P002: Prediction 0.500 (threshold: 0.490)
2025-10-26 05:11:34,747 - INFO - Patient P002: Prediction 0.500 (threshold: 0.490)
2025-10-26 05:11:34,756 - INFO - Patient P002: Prediction 0.500 (threshold: 0.490)
2025-10-26 05:11:34,767 - INFO - Patient P002: Prediction 0.500 (threshold: 0.490)
2025-10-26 05:11:34,776 - INFO - Patient P002: Prediction 0.500 (threshold: 0.490)
2025-10-26 05:11:34,785 - INFO - Patient P002: Prediction 0.500 (threshold: 0.490)
2025-10-26 05:11:34,794 - INFO - Patient P002: Prediction 0.500 (threshold: 0.490)
2025-10-26 05:11:34,806 - INFO - Patient P002: Prediction 0.500 (threshold: 0.490)
2025-10-26 05:11:34,819 - INFO - Patient P002: Prediction 0.500 (threshold: 0.490)
2025-10-26 05:11:34,833 - INFO - Patient P002: Prediction 0.500 (threshold: 0.490)
2025-10-26 05:11:34,845 - INFO - Patient P002: Prediction 0.500 (threshold: 0.490)
2025-10-26 05:11:34,855 - INFO - Patient P002: Prediction 0.500 (threshold: 0.490)
2025-10-26 05:11:34,864 - INFO - Patient P002: Prediction 0.500 (threshold: 0.490)
2025-10-26 05:11:34,875 - INFO - Patient P002: Prediction 0.500 (threshold: 0.490)
2025-10-26 05:11:34,885 - INFO - Patient P002: Prediction 0.500 (threshold: 0.490)
2025-10-26 05:11:34,893 - INFO - Patient P002: Prediction 0.500 (threshold: 0.490)
2025-10-26 05:11:34,903 - INFO - Patient P002: Prediction 0.500 (threshold: 0.490)
2025-10-26 05:11:34,912 - INFO - Patient P002: Prediction 0.500 (threshold: 0.490)
2025-10-26 05:11:34,923 - INFO - Patient P002: Prediction 0.500 (threshold: 0.490)
2025-10-26 05:11:34,932 - INFO - Patient P002: Prediction 0.500 (threshold: 0.490)
2025-10-26 05:11:34,942 - INFO - Patient P002: Prediction 0.500 (threshold: 0.490)
2025-10-26 05:11:34,952 - INFO - Patient P002: Prediction 0.500 (threshold: 0.490)
2025-10-26 05:11:34,964 - INFO - Patient P002: Prediction 0.500 (threshold: 0.490)
2025-10-26 05:11:34,975 - INFO - Patient P002: Prediction 0.500 (threshold: 0.490)
2025-10-26 05:11:34,987 - INFO - Patient P002: Prediction 0.500 (threshold: 0.490)
2025-10-26 05:11:35,002 - INFO - Patient P002: Prediction 0.500 (threshold: 0.490)
2025-10-26 05:11:35,015 - INFO - Patient P002: Prediction 0.500 (threshold: 0.490)
2025-10-26 05:11:35,028 - INFO - Patient P002: Prediction 0.500 (threshold: 0.490)
2025-10-26 05:11:35,038 - INFO - Patient P002: Prediction 0.500 (threshold: 0.490)
2025-10-26 05:11:35,050 - INFO - Patient P002: Prediction 0.500 (threshold: 0.490)
2025-10-26 05:11:35,067 - INFO - Patient P002: Prediction 0.500 (threshold: 0.490)
2025-10-26 05:11:35,083 - INFO - Patient P002: Prediction 0.500 (threshold: 0.490)
2025-10-26 05:11:35,098 - INFO - Patient P002: Prediction 0.500 (threshold: 0.490)
2025-10-26 05:11:35,113 - INFO - Patient P002: Prediction 0.500 (threshold: 0.490)
2025-10-26 05:11:35,124 - INFO - Patient P002: Prediction 0.500 (threshold: 0.490)
2025-10-26 05:11:35,134 - INFO - Patient P002: Prediction 0.500 (threshold: 0.490)
2025-10-26 05:11:35,149 - INFO - Patient P002: Prediction 0.500 (threshold: 0.490)
2025-10-26 05:11:35,160 - INFO - Patient P002: Prediction 0.500 (threshold: 0.490)
2025-10-26 05:11:35,172 - INFO - Patient P002: Prediction 0.500 (threshold: 0.490)
2025-10-26 05:11:35,181 - INFO - Patient P002: Prediction 0.500 (threshold: 0.490)
2025-10-26 05:11:35,194 - INFO - Patient P002: Prediction 0.500 (threshold: 0.490)
2025-10-26 05:11:35,205 - INFO - Patient P002: Prediction 0.500 (threshold: 0.490)
2025-10-26 05:11:35,215 - INFO - Patient P002: Prediction 0.500 (threshold: 0.490)
2025-10-26 05:11:35,224 - INFO - Patient P002: Prediction 0.500 (threshold: 0.490)
2025-10-26 05:11:35,234 - INFO - Patient P002: Prediction 0.500 (threshold: 0.490)
2025-10-26 05:11:35,243 - INFO - Patient P002: Prediction 0.500 (threshold: 0.490)
2025-10-26 05:11:35,252 - INFO - Patient P002: Prediction 0.500 (threshold: 0.490)
2025-10-26 05:11:35,261 - INFO - Patient P002: Prediction 0.500 (threshold: 0.490)
2025-10-26 05:11:35,270 - INFO - Patient P002: Prediction 0.500 (threshold: 0.490)
2025-10-26 05:11:35,278 - INFO - Patient P002: Prediction 0.500 (threshold: 0.490)
2025-10-26 05:11:35,287 - INFO - Patient P002: Prediction 0.500 (threshold: 0.490)
2025-10-26 05:11:35,297 - INFO - Patient P002: Prediction 0.500 (threshold: 0.490)
2025-10-26 05:11:35,305 - INFO - Patient P002: Prediction 0.500 (threshold: 0.490)
2025-10-26 05:11:35,315 - INFO - Patient P002: Prediction 0.500 (threshold: 0.490)
2025-10-26 05:11:35,324 - INFO - Patient P002: Prediction 0.500 (threshold: 0.490)
2025-10-26 05:11:35,333 - INFO - Patient P002: Prediction 0.500 (threshold: 0.490)
2025-10-26 05:11:35,341 - INFO - Patient P002: Prediction 0.500 (threshold: 0.490)
2025-10-26 05:11:35,349 - INFO - Patient P002: Prediction 0.500 (threshold: 0.490)
2025-10-26 05:11:35,358 - INFO - Patient P002: Prediction 0.500 (threshold: 0.490)
2025-10-26 05:11:35,367 - INFO - Patient P002: Prediction 0.500 (threshold: 0.490)
2025-10-26 05:11:35,375 - INFO - Patient P002: Prediction 0.500 (threshold: 0.490)
2025-10-26 05:11:35,384 - INFO - Patient P002: Prediction 0.500 (threshold: 0.490)
2025-10-26 05:11:35,393 - INFO - Patient P002: Prediction 0.500 (threshold: 0.490)
2025-10-26 05:11:35,401 - INFO - Patient P002: Prediction 0.500 (threshold: 0.490)
2025-10-26 05:11:35,409 - INFO - Patient P002: Prediction 0.500 (threshold: 0.490)
2025-10-26 05:11:35,417 - INFO - Patient P002: Prediction 0.500 (threshold: 0.490)
2025-10-26 05:11:35,425 - INFO - Patient P002: Prediction 0.500 (threshold: 0.490)
2025-10-26 05:11:35,434 - INFO - Patient P002: Prediction 0.500 (threshold: 0.490)
2025-10-26 05:11:35,443 - INFO - Patient P002: Prediction 0.500 (threshold: 0.490)
2025-10-26 05:11:35,451 - INFO - Patient P002: Prediction 0.500 (threshold: 0.490)
2025-10-26 05:11:35,459 - INFO - Patient P002: Prediction 0.500 (threshold: 0.490)
2025-10-26 05:11:35,470 - INFO - Patient P002: Prediction 0.500 (threshold: 0.490)
2025-10-26 05:11:35,478 - INFO - Patient P002: Prediction 0.500 (threshold: 0.490)
2025-10-26 05:11:35,487 - INFO - Patient P002: Prediction 0.500 (threshold: 0.490)
2025-10-26 05:11:35,497 - INFO - Patient P002: Prediction 0.500 (threshold: 0.490)
2025-10-26 05:11:35,505 - INFO - Patient P002: Prediction 0.500 (threshold: 0.490)
2025-10-26 05:11:35,513 - INFO - Patient P002: Prediction 0.500 (threshold: 0.490)
2025-10-26 05:11:35,521 - INFO - Patient P002: Prediction 0.500 (threshold: 0.490)
2025-10-26 05:11:35,522 - INFO - Processed 420 rows, made 392 predictions, triggered 2 alerts
2025-10-26 05:21:10,792 - INFO - Loading model and preprocessing components...
2025-10-26 05:21:12,623 - INFO - Using optimal F1 threshold: 0.500
2025-10-26 05:21:12,624 - INFO - Loading test data from data\test_patient_data.csv
2025-10-26 05:21:12,638 - INFO - Processing patient P001 with 210 data points
2025-10-26 05:21:12,673 - ERROR - Error in Stage 1 simulation: X has 20 features, but StandardScaler is expecting 66 features as input.
2025-10-26 05:22:32,768 - INFO - Loading model and preprocessing components...
2025-10-26 05:22:33,006 - INFO - Using optimal F1 threshold: 0.500
2025-10-26 05:22:33,006 - INFO - Loading test data from data\test_patient_data.csv
2025-10-26 05:22:33,012 - INFO - Processing patient P001 with 210 data points
2025-10-26 05:22:33,024 - ERROR - Error in Stage 1 simulation: list assignment index out of range
